{
  "RSpec": {
    "coverage": {
      "/home/carlo/ece5820/gift-wise/giftwiseproject-selt_2025_team_05/app/models/user.rb": {
        "lines": [
          1,
          null,
          null,
          1,
          null,
          null,
          1,
          1,
          1,
          1,
          1,
          null,
          null,
          1,
          null,
          1,
          null,
          1,
          1,
          null,
          1,
          20,
          31,
          null,
          null,
          null,
          1,
          2,
          null,
          2,
          null,
          2,
          null,
          null,
          null,
          null,
          null,
          1,
          3,
          null,
          null,
          1,
          3,
          null,
          null
        ]
      },
      "/home/carlo/ece5820/gift-wise/giftwiseproject-selt_2025_team_05/app/models/application_record.rb": {
        "lines": [
          1,
          1,
          null
        ]
      },
      "/home/carlo/ece5820/gift-wise/giftwiseproject-selt_2025_team_05/app/helpers/application_helper.rb": {
        "lines": [
          1,
          null
        ]
      },
      "/home/carlo/ece5820/gift-wise/giftwiseproject-selt_2025_team_05/app/helpers/budget_helper.rb": {
        "lines": [
          1,
          1,
          5,
          5,
          5,
          null,
          null,
          1,
          6,
          6,
          6,
          null,
          null,
          1,
          4,
          null,
          4,
          4,
          null,
          4,
          null,
          null,
          1,
          5,
          5,
          4,
          null,
          3,
          3,
          null,
          null
        ]
      },
      "/home/carlo/ece5820/gift-wise/giftwiseproject-selt_2025_team_05/app/helpers/friendships_helper.rb": {
        "lines": [
          1,
          null
        ]
      },
      "/home/carlo/ece5820/gift-wise/giftwiseproject-selt_2025_team_05/app/helpers/users_helper.rb": {
        "lines": [
          1,
          null
        ]
      },
      "/home/carlo/ece5820/gift-wise/giftwiseproject-selt_2025_team_05/app/controllers/event_users_controller.rb": {
        "lines": [
          1,
          1,
          1,
          1,
          null,
          1,
          2,
          null,
          2,
          null,
          2,
          null,
          2,
          2,
          null,
          0,
          null,
          null,
          null,
          1,
          8,
          8,
          8,
          8,
          null,
          8,
          2,
          1,
          1,
          null,
          1,
          null,
          null,
          6,
          null,
          5,
          1,
          1,
          null,
          null,
          4,
          3,
          null,
          3,
          1,
          1,
          1,
          null,
          null,
          3,
          null,
          1,
          null,
          null,
          null,
          1,
          null,
          null,
          null,
          1,
          4,
          4,
          null,
          4,
          3,
          3,
          1,
          null,
          null,
          null,
          null,
          null,
          null,
          3,
          2,
          null,
          null,
          null,
          1,
          null,
          null,
          null,
          1,
          null,
          1,
          16,
          null,
          null,
          1,
          4,
          2,
          null,
          null,
          null
        ]
      },
      "/home/carlo/ece5820/gift-wise/giftwiseproject-selt_2025_team_05/app/controllers/application_controller.rb": {
        "lines": [
          1,
          null
        ]
      },
      "/home/carlo/ece5820/gift-wise/giftwiseproject-selt_2025_team_05/app/controllers/events_controller.rb": {
        "lines": [
          1,
          1,
          1,
          1,
          null,
          1,
          2,
          2,
          2,
          null,
          null,
          1,
          11,
          null,
          null,
          11,
          null,
          null,
          11,
          null,
          null,
          null,
          null,
          null,
          null,
          null,
          11,
          null,
          null,
          11,
          null,
          null,
          null,
          null,
          11,
          null,
          null,
          1,
          5,
          null,
          5,
          null,
          4,
          null,
          null,
          4,
          1,
          null,
          1,
          null,
          null,
          null,
          4,
          null,
          null,
          1,
          1,
          null,
          null,
          null,
          1,
          null,
          5,
          null,
          4,
          null,
          4,
          null,
          2,
          null,
          null,
          null,
          null,
          6,
          null,
          null,
          null,
          null,
          1,
          null,
          null,
          1,
          2,
          2,
          null,
          0,
          null,
          null,
          null,
          1,
          null,
          3,
          3,
          3,
          null,
          null,
          1,
          null,
          1,
          14,
          14,
          1,
          null,
          null,
          null,
          1,
          8,
          2,
          null,
          null,
          null,
          1,
          7,
          null,
          null,
          1,
          11,
          null,
          11,
          null,
          11,
          null,
          9,
          2,
          null,
          1,
          null,
          null,
          null,
          1,
          null,
          null,
          1,
          2,
          null,
          null,
          null,
          null,
          1,
          null,
          null,
          null
        ]
      },
      "/home/carlo/ece5820/gift-wise/giftwiseproject-selt_2025_team_05/app/controllers/friend_gifts_controller.rb": {
        "lines": [
          1,
          1,
          null,
          1,
          3,
          3,
          null,
          null,
          null
        ]
      },
      "/home/carlo/ece5820/gift-wise/giftwiseproject-selt_2025_team_05/app/controllers/gift_suggestions_controller.rb": {
        "lines": [
          1,
          1,
          1,
          1,
          1,
          null,
          1,
          0,
          null,
          null,
          1,
          2,
          null,
          2,
          2,
          1,
          1,
          1,
          null,
          null,
          1,
          1,
          null,
          null,
          null,
          null,
          null,
          null,
          null,
          1,
          1,
          null,
          1,
          null,
          null,
          1,
          null,
          1,
          2,
          2,
          2,
          2,
          2,
          2,
          2,
          null,
          null,
          1,
          3,
          0,
          null,
          0,
          null,
          null,
          1,
          1,
          null,
          null,
          1,
          2,
          null,
          null,
          1,
          2,
          null,
          null,
          1,
          2,
          0,
          null,
          null,
          null,
          1,
          2,
          2,
          2,
          null,
          null
        ]
      },
      "/home/carlo/ece5820/gift-wise/giftwiseproject-selt_2025_team_05/app/controllers/preferences_controller.rb": {
        "lines": [
          1,
          1,
          1,
          null,
          1,
          2,
          2,
          2,
          2,
          2,
          null,
          0,
          null,
          null,
          null,
          1,
          2,
          2,
          null,
          2,
          2,
          2,
          null,
          2,
          2,
          1,
          1,
          0,
          null,
          1,
          null,
          null,
          0,
          null,
          null,
          null,
          null,
          1,
          2,
          2,
          0,
          null,
          2,
          null,
          2,
          2,
          1,
          null,
          1,
          null,
          null,
          0,
          null,
          null,
          null,
          1,
          1,
          1,
          1,
          1,
          1,
          null,
          null,
          1,
          0,
          null,
          null,
          null,
          1,
          0,
          null,
          null,
          1,
          2,
          2,
          null,
          2,
          2,
          null,
          0,
          null,
          null,
          null,
          1,
          null,
          null,
          null,
          1,
          2,
          2,
          null,
          0,
          null,
          null,
          null,
          1,
          2,
          2,
          null,
          null,
          1,
          null,
          1,
          4,
          null,
          null,
          1,
          4,
          null,
          null
        ]
      },
      "/home/carlo/ece5820/gift-wise/giftwiseproject-selt_2025_team_05/app/controllers/suggestions_controller.rb": {
        "lines": [
          1,
          1,
          null,
          1,
          2,
          2,
          2,
          null,
          null,
          1,
          2,
          2,
          2,
          2,
          2,
          2,
          2,
          2,
          2,
          null,
          2,
          2,
          0,
          null,
          2,
          null,
          null,
          0,
          0,
          null,
          0,
          null,
          null,
          null,
          null,
          null,
          null,
          1,
          4,
          4,
          3,
          null,
          1,
          null,
          4,
          4,
          3,
          null,
          1,
          null,
          null,
          0,
          null,
          null,
          null,
          null,
          1,
          null,
          null,
          1,
          1,
          1,
          null,
          null,
          1,
          1,
          1,
          1,
          1,
          1,
          0,
          null,
          1,
          null,
          null,
          0,
          null,
          null,
          null,
          1,
          1,
          1,
          1,
          1,
          1,
          0,
          null,
          1,
          null,
          null,
          null,
          1,
          1,
          1,
          null,
          null,
          null
        ]
      },
      "/home/carlo/ece5820/gift-wise/giftwiseproject-selt_2025_team_05/app/controllers/users/registrations_controller.rb": {
        "lines": [
          null,
          null,
          1,
          1,
          1,
          null,
          null,
          1,
          null,
          1,
          1,
          null,
          null,
          null,
          null,
          1,
          1,
          null,
          null,
          null,
          1,
          2,
          null,
          null,
          null,
          1,
          1,
          null,
          null,
          null,
          1,
          2,
          null,
          null,
          null,
          1,
          1,
          null,
          null,
          null,
          null,
          null,
          null,
          null,
          1,
          0,
          null,
          null,
          1,
          null,
          null,
          1,
          2,
          null,
          null,
          null,
          1,
          2,
          null,
          null,
          null,
          1,
          2,
          null,
          null,
          null,
          1,
          1,
          null,
          null
        ]
      },
      "/home/carlo/ece5820/gift-wise/giftwiseproject-selt_2025_team_05/app/models/event.rb": {
        "lines": [
          1,
          1,
          null,
          1,
          1,
          null,
          1,
          null,
          null,
          null,
          null,
          null,
          null,
          1,
          null,
          null,
          1,
          1,
          null,
          1,
          null,
          1,
          178,
          1,
          null,
          null,
          null
        ]
      },
      "/home/carlo/ece5820/gift-wise/giftwiseproject-selt_2025_team_05/app/models/friendship.rb": {
        "lines": [
          1,
          1,
          1,
          null,
          1,
          null,
          null,
          null,
          null,
          null,
          null,
          null,
          2,
          2,
          null,
          null,
          1,
          20,
          null,
          null,
          null,
          null,
          1,
          1,
          null,
          1,
          null,
          1,
          84,
          null,
          null
        ]
      },
      "/home/carlo/ece5820/gift-wise/giftwiseproject-selt_2025_team_05/app/services/gift_assistant/chat_service.rb": {
        "lines": [
          1,
          1,
          1,
          null,
          null,
          null,
          null,
          null,
          null,
          null,
          1,
          3,
          3,
          null,
          null,
          null,
          1,
          3,
          null,
          null,
          null,
          null,
          null,
          null,
          null,
          null,
          null,
          null,
          null,
          null,
          2,
          null,
          1,
          1,
          null,
          null,
          1,
          null,
          null,
          null,
          1,
          null,
          3,
          null,
          null,
          null,
          null,
          null,
          null,
          null,
          1,
          3,
          3,
          3,
          1,
          null,
          null,
          3,
          null,
          3,
          null,
          3,
          null,
          null,
          null,
          null,
          3,
          null,
          null,
          null,
          1,
          3,
          null,
          3,
          3,
          3,
          3,
          null,
          null,
          1,
          1,
          null,
          null,
          null
        ]
      },
      "/home/carlo/ece5820/gift-wise/giftwiseproject-selt_2025_team_05/app/services/gift_history_service.rb": {
        "lines": [
          1,
          1,
          12,
          12,
          null,
          null,
          1,
          5,
          5,
          null,
          5,
          4,
          4,
          null,
          4,
          null,
          3,
          3,
          null,
          null,
          1,
          1,
          null,
          null,
          null,
          12,
          7,
          null,
          5,
          null,
          null,
          1,
          7,
          5,
          5,
          null,
          5,
          3,
          null,
          2,
          null,
          null,
          null,
          null,
          null,
          1,
          null,
          1,
          12,
          null,
          null,
          null,
          null,
          null,
          null,
          1,
          9,
          null,
          null,
          null,
          null,
          null,
          null,
          null,
          1,
          9,
          null,
          null,
          null,
          null,
          null,
          null,
          null,
          1,
          9,
          null,
          null
        ]
      },
      "/home/carlo/ece5820/gift-wise/giftwiseproject-selt_2025_team_05/app/models/event_user.rb": {
        "lines": [
          1,
          1,
          1,
          null,
          1,
          null,
          null,
          null,
          null,
          null,
          null,
          1,
          1,
          null,
          null,
          null,
          null
        ]
      },
      "/home/carlo/ece5820/gift-wise/giftwiseproject-selt_2025_team_05/app/models/preference.rb": {
        "lines": [
          1,
          1,
          1,
          1,
          null
        ]
      },
      "/home/carlo/ece5820/gift-wise/giftwiseproject-selt_2025_team_05/app/models/suggestion.rb": {
        "lines": [
          1,
          1,
          1,
          1,
          null
        ]
      },
      "/home/carlo/ece5820/gift-wise/giftwiseproject-selt_2025_team_05/app/controllers/friendships_controller.rb": {
        "lines": [
          1,
          1,
          null,
          1,
          2,
          null,
          2,
          1,
          null,
          1,
          null,
          null,
          null,
          1,
          2,
          null,
          null,
          2,
          2,
          null,
          null,
          2,
          null,
          null,
          1,
          2,
          null,
          null,
          2,
          1,
          1,
          null,
          1,
          null,
          null,
          null,
          1,
          1,
          1,
          1,
          null,
          null,
          1,
          3,
          2,
          null,
          null,
          2,
          null,
          null,
          null,
          1,
          null,
          null,
          3,
          3,
          3,
          null,
          null
        ]
      },
      "/home/carlo/ece5820/gift-wise/giftwiseproject-selt_2025_team_05/app/controllers/home_controller.rb": {
        "lines": [
          1,
          1,
          null,
          1,
          null,
          34,
          null,
          null,
          null,
          34,
          null,
          null,
          null,
          null,
          null,
          null,
          34,
          4,
          null,
          30,
          null,
          null,
          null,
          34,
          8,
          null,
          null,
          null,
          34,
          3,
          null,
          34,
          3,
          null,
          null,
          null,
          null,
          34,
          11,
          11,
          null,
          null,
          null,
          null,
          null,
          null,
          null,
          null,
          34,
          2,
          null,
          null,
          32,
          null,
          null,
          null,
          null
        ]
      },
      "/home/carlo/ece5820/gift-wise/giftwiseproject-selt_2025_team_05/app/channels/application_cable/channel.rb": {
        "lines": [
          0,
          0,
          0,
          0
        ],
        "branches": {}
      },
      "/home/carlo/ece5820/gift-wise/giftwiseproject-selt_2025_team_05/app/channels/application_cable/connection.rb": {
        "lines": [
          0,
          0,
          0,
          0
        ],
        "branches": {}
      },
      "/home/carlo/ece5820/gift-wise/giftwiseproject-selt_2025_team_05/app/controllers/user_gift_summary_controller.rb": {
        "lines": [
          0,
          0,
          0,
          0,
          0,
          0,
          0,
          0,
          0,
          0,
          0,
          0,
          0,
          0,
          0,
          0,
          0,
          0,
          0,
          0,
          0
        ],
        "branches": {}
      },
      "/home/carlo/ece5820/gift-wise/giftwiseproject-selt_2025_team_05/app/controllers/users/confirmations_controller.rb": {
        "lines": [
          null,
          null,
          0,
          null,
          null,
          null,
          null,
          null,
          null,
          null,
          null,
          null,
          null,
          null,
          null,
          null,
          null,
          null,
          null,
          null,
          null,
          null,
          null,
          null,
          null,
          null,
          null,
          null,
          null,
          0
        ],
        "branches": {}
      },
      "/home/carlo/ece5820/gift-wise/giftwiseproject-selt_2025_team_05/app/controllers/users/omniauth_callbacks_controller.rb": {
        "lines": [
          null,
          null,
          0,
          null,
          null,
          null,
          null,
          null,
          null,
          null,
          null,
          null,
          null,
          null,
          null,
          null,
          null,
          null,
          null,
          null,
          null,
          null,
          null,
          null,
          null,
          null,
          null,
          null,
          null,
          0
        ],
        "branches": {}
      },
      "/home/carlo/ece5820/gift-wise/giftwiseproject-selt_2025_team_05/app/controllers/users/passwords_controller.rb": {
        "lines": [
          null,
          null,
          0,
          null,
          null,
          null,
          null,
          null,
          null,
          null,
          null,
          null,
          null,
          null,
          null,
          null,
          null,
          null,
          null,
          null,
          null,
          null,
          null,
          null,
          null,
          null,
          null,
          null,
          null,
          null,
          null,
          null,
          null,
          0
        ],
        "branches": {}
      },
      "/home/carlo/ece5820/gift-wise/giftwiseproject-selt_2025_team_05/app/controllers/users/sessions_controller.rb": {
        "lines": [
          null,
          null,
          0,
          null,
          null,
          null,
          null,
          null,
          null,
          null,
          null,
          null,
          null,
          null,
          null,
          null,
          null,
          null,
          null,
          null,
          null,
          null,
          null,
          null,
          null,
          null,
          0
        ],
        "branches": {}
      },
      "/home/carlo/ece5820/gift-wise/giftwiseproject-selt_2025_team_05/app/controllers/users/unlocks_controller.rb": {
        "lines": [
          null,
          null,
          0,
          null,
          null,
          null,
          null,
          null,
          null,
          null,
          null,
          null,
          null,
          null,
          null,
          null,
          null,
          null,
          null,
          null,
          null,
          null,
          null,
          null,
          null,
          null,
          null,
          null,
          null,
          0
        ],
        "branches": {}
      },
      "/home/carlo/ece5820/gift-wise/giftwiseproject-selt_2025_team_05/app/jobs/application_job.rb": {
        "lines": [
          0,
          null,
          null,
          null,
          null,
          null,
          null,
          0
        ],
        "branches": {}
      },
      "/home/carlo/ece5820/gift-wise/giftwiseproject-selt_2025_team_05/app/jobs/send_event_reminders_job.rb": {
        "lines": [
          null,
          0,
          0,
          0,
          0,
          0,
          0,
          null,
          0,
          0,
          null,
          0,
          null,
          0,
          0,
          0,
          0,
          0,
          null,
          0,
          null,
          0,
          0,
          0,
          0,
          0,
          null,
          0,
          0,
          0,
          0,
          0,
          null,
          0,
          0,
          0,
          null,
          0,
          0,
          0,
          0,
          0,
          0,
          0,
          0,
          0,
          0,
          0,
          null,
          0,
          0,
          0,
          0,
          0,
          null,
          null
        ],
        "branches": {}
      },
      "/home/carlo/ece5820/gift-wise/giftwiseproject-selt_2025_team_05/app/mailers/application_mailer.rb": {
        "lines": [
          0,
          0,
          0,
          null,
          null,
          null,
          0,
          null,
          0,
          0,
          0,
          0,
          0,
          0,
          null,
          null,
          0,
          0,
          0,
          0,
          null,
          0,
          0,
          0,
          0,
          0,
          0
        ],
        "branches": {}
      },
      "/home/carlo/ece5820/gift-wise/giftwiseproject-selt_2025_team_05/app/models/user_gift_summary.rb": {
        "lines": [
          0,
          null,
          0
        ],
        "branches": {}
      }
    },
    "timestamp": 1765756570
  }
}
